#
# A fatal error has been detected by the Java Runtime Environment:
#
#  EXCEPTION_ACCESS_VIOLATION (0xc0000005) at pc=0x0000021291008180, pid=10876, tid=8684
#
# JRE version: OpenJDK Runtime Environment (11.0.6+8) (build 11.0.6+8-b520.43)
# Java VM: OpenJDK 64-Bit Server VM (11.0.6+8-b520.43, mixed mode, sharing, tiered, compressed oops, g1 gc, windows-amd64)
# Problematic frame:
# C  0x0000021291008180
#
# No core dump will be written. Minidumps are not enabled by default on client versions of Windows
#
# If you would like to submit a bug report, please visit:
#   http://bugreport.java.com/bugreport/crash.jsp
#

---------------  S U M M A R Y ------------

Command Line: -agentlib:jdwp=transport=dt_socket,address=127.0.0.1:53130,suspend=y,server=n -javaagent:C:\Users\Tomek\.IntelliJIdea2019.3\system\captureAgent\debugger-agent.jar -Dfile.encoding=UTF-8 Main

Host: Intel(R) Xeon(R) CPU           E5450  @ 3.00GHz, 4 cores, 7G,  Windows 10 , 64 bit Build 18362 (10.0.18362.959)
Time: Thu Sep  3 00:20:01 2020 ?rodkowoeuropejski czas letni elapsed time: 0 seconds (0d 0h 0m 0s)

---------------  T H R E A D  ---------------

Current thread (0x00000213762aa000):  JavaThread "main" [_thread_in_Java, id=8684, stack(0x00000044efe00000,0x00000044eff00000)]

Stack: [0x00000044efe00000,0x00000044eff00000],  sp=0x00000044efefe9b8,  free space=1018k
Native frames: (J=compiled Java code, j=interpreted, Vv=VM code, C=native code)
C  0x0000021291008180


siginfo: EXCEPTION_ACCESS_VIOLATION (0xc0000005), data execution prevention violation at address 0x0000021291008180


Register to memory mapping:

RIP=0x0000021291008180 is an unknown value
RAX=0x000000080035a388 is pointing into metadata
RBX=0x000000000000199d is an unknown value
RCX={method} {0x00000008000ebb10} 'putIfAbsent' '(Ljava/lang/Object;Ljava/lang/Object;)Ljava/lang/Object;' in 'java/util/Map'
RDX=0x0000000087f35030 points into unknown readable memory: 01 00 00 00 00 00 00 00
RSP=0x00000044efefe9b8 is pointing into the stack for thread: 0x00000213762aa000
RBP=0x00000044efefeab8 is pointing into the stack for thread: 0x00000213762aa000
RSI=0x000000080035a388 is pointing into metadata
RDI=0x000002137f503090 is pointing into metadata
R8 =0x0000000087f35030 points into unknown readable memory: 01 00 00 00 00 00 00 00
R9 =0x0000000087f394f0 points into unknown readable memory: 01 00 00 00 00 00 00 00
R10=0x000000080035a388 is pointing into metadata
R11=0x00000213005b7520 is at entry_point+64 in (nmethod*)0x00000213005b7310
R12=0x0 is NULL
R13=0x00000044efefea58 is pointing into the stack for thread: 0x00000213762aa000
R14=0x00000008002fccc0 is pointing into metadata
R15=0x00000213762aa000 is a thread


Registers:
RAX=0x000000080035a388, RBX=0x000000000000199d, RCX=0x00000008000ebb08, RDX=0x0000000087f35030
RSP=0x00000044efefe9b8, RBP=0x00000044efefeab8, RSI=0x000000080035a388, RDI=0x000002137f503090
R8 =0x0000000087f35030, R9 =0x0000000087f394f0, R10=0x000000080035a388, R11=0x00000213005b7520
R12=0x0000000000000000, R13=0x00000044efefea58, R14=0x00000008002fccc0, R15=0x00000213762aa000
RIP=0x0000021291008180, EFLAGS=0x0000000000010246

Top of Stack: (sp=0x00000044efefe9b8)
0x00000044efefe9b8:   00000213005b76ac 0000004400000004
0x00000044efefe9c8:   0000000087f36730 00000044efefeab8
0x00000044efefe9d8:   00000213005b5f14 00000044efefeab8
0x00000044efefe9e8:   00000213005b6f54 00000044efefeab8
0x00000044efefe9f8:   000002130059a54c 0000000087f30a48
0x00000044efefea08:   00000213005bb8dc 00000044efefeab8
0x00000044efefea18:   0000000087e70990 0000000087f35030
0x00000044efefea28:   0000000087f394f0 0000000087f36a30
0x00000044efefea38:   0000000087e70ca0 00000044efefeab8
0x00000044efefea48:   000002130000c66d 000002130000c66d
0x00000044efefea58:   0000000087f394f0 0000000087f35030
0x00000044efefea68:   0000000087e70990 00000044efefea70
0x00000044efefea78:   000002137f4ff7ef 00000044efefeb50
0x00000044efefea88:   000002137f500fb0 0000000000000000
0x00000044efefea98:   0000000087e24948 000002137f4ffa10
0x00000044efefeaa8:   00000044efefea58 00000044efefeb48 

Instructions: (pc=0x0000021291008180)
0x0000021291008080:   ?? ?? ?? ?? ?? ?? ?? ?? ?? ?? ?? ?? ?? ?? ?? ??
0x0000021291008090:   ?? ?? ?? ?? ?? ?? ?? ?? ?? ?? ?? ?? ?? ?? ?? ??
0x00000212910080a0:   ?? ?? ?? ?? ?? ?? ?? ?? ?? ?? ?? ?? ?? ?? ?? ??
0x00000212910080b0:   ?? ?? ?? ?? ?? ?? ?? ?? ?? ?? ?? ?? ?? ?? ?? ??
0x00000212910080c0:   ?? ?? ?? ?? ?? ?? ?? ?? ?? ?? ?? ?? ?? ?? ?? ??
0x00000212910080d0:   ?? ?? ?? ?? ?? ?? ?? ?? ?? ?? ?? ?? ?? ?? ?? ??
0x00000212910080e0:   ?? ?? ?? ?? ?? ?? ?? ?? ?? ?? ?? ?? ?? ?? ?? ??
0x00000212910080f0:   ?? ?? ?? ?? ?? ?? ?? ?? ?? ?? ?? ?? ?? ?? ?? ??
0x0000021291008100:   ?? ?? ?? ?? ?? ?? ?? ?? ?? ?? ?? ?? ?? ?? ?? ??
0x0000021291008110:   ?? ?? ?? ?? ?? ?? ?? ?? ?? ?? ?? ?? ?? ?? ?? ??
0x0000021291008120:   ?? ?? ?? ?? ?? ?? ?? ?? ?? ?? ?? ?? ?? ?? ?? ??
0x0000021291008130:   ?? ?? ?? ?? ?? ?? ?? ?? ?? ?? ?? ?? ?? ?? ?? ??
0x0000021291008140:   ?? ?? ?? ?? ?? ?? ?? ?? ?? ?? ?? ?? ?? ?? ?? ??
0x0000021291008150:   ?? ?? ?? ?? ?? ?? ?? ?? ?? ?? ?? ?? ?? ?? ?? ??
0x0000021291008160:   ?? ?? ?? ?? ?? ?? ?? ?? ?? ?? ?? ?? ?? ?? ?? ??
0x0000021291008170:   ?? ?? ?? ?? ?? ?? ?? ?? ?? ?? ?? ?? ?? ?? ?? ??
0x0000021291008180:   ?? ?? ?? ?? ?? ?? ?? ?? ?? ?? ?? ?? ?? ?? ?? ??
0x0000021291008190:   ?? ?? ?? ?? ?? ?? ?? ?? ?? ?? ?? ?? ?? ?? ?? ??
0x00000212910081a0:   ?? ?? ?? ?? ?? ?? ?? ?? ?? ?? ?? ?? ?? ?? ?? ??
0x00000212910081b0:   ?? ?? ?? ?? ?? ?? ?? ?? ?? ?? ?? ?? ?? ?? ?? ??
0x00000212910081c0:   ?? ?? ?? ?? ?? ?? ?? ?? ?? ?? ?? ?? ?? ?? ?? ??
0x00000212910081d0:   ?? ?? ?? ?? ?? ?? ?? ?? ?? ?? ?? ?? ?? ?? ?? ??
0x00000212910081e0:   ?? ?? ?? ?? ?? ?? ?? ?? ?? ?? ?? ?? ?? ?? ?? ??
0x00000212910081f0:   ?? ?? ?? ?? ?? ?? ?? ?? ?? ?? ?? ?? ?? ?? ?? ??
0x0000021291008200:   ?? ?? ?? ?? ?? ?? ?? ?? ?? ?? ?? ?? ?? ?? ?? ??
0x0000021291008210:   ?? ?? ?? ?? ?? ?? ?? ?? ?? ?? ?? ?? ?? ?? ?? ??
0x0000021291008220:   ?? ?? ?? ?? ?? ?? ?? ?? ?? ?? ?? ?? ?? ?? ?? ??
0x0000021291008230:   ?? ?? ?? ?? ?? ?? ?? ?? ?? ?? ?? ?? ?? ?? ?? ??
0x0000021291008240:   ?? ?? ?? ?? ?? ?? ?? ?? ?? ?? ?? ?? ?? ?? ?? ??
0x0000021291008250:   ?? ?? ?? ?? ?? ?? ?? ?? ?? ?? ?? ?? ?? ?? ?? ??
0x0000021291008260:   ?? ?? ?? ?? ?? ?? ?? ?? ?? ?? ?? ?? ?? ?? ?? ??
0x0000021291008270:   ?? ?? ?? ?? ?? ?? ?? ?? ?? ?? ?? ?? ?? ?? ?? ?? 


Stack slot to memory mapping:
stack at sp + 0 slots: 0x00000213005b76ac is at entry_point+460 in (nmethod*)0x00000213005b7310
stack at sp + 1 slots: 0x0000004400000004 is an unknown value
stack at sp + 2 slots: 0x0000000087f36730 points into unknown readable memory: 01 00 00 00 00 00 00 00
stack at sp + 3 slots: 0x00000044efefeab8 is pointing into the stack for thread: 0x00000213762aa000
stack at sp + 4 slots: 0x00000213005b5f14 is at entry_point+308 in (nmethod*)0x00000213005b5c10
stack at sp + 5 slots: 0x00000044efefeab8 is pointing into the stack for thread: 0x00000213762aa000
stack at sp + 6 slots: 0x00000213005b6f54 is at entry_point+340 in (nmethod*)0x00000213005b6c10
stack at sp + 7 slots: 0x00000044efefeab8 is pointing into the stack for thread: 0x00000213762aa000


---------------  P R O C E S S  ---------------

Threads class SMR info:
_java_thread_list=0x000002131108c590, length=9, elements={
0x00000213762aa000, 0x000002137f435800, 0x000002137f438800, 0x000002137f455000,
0x000002137f456800, 0x000002137f457800, 0x0000021311000800, 0x0000021311009800,
0x00000213110c5800
}

Java Threads: ( => current thread )
=>0x00000213762aa000 JavaThread "main" [_thread_in_Java, id=8684, stack(0x00000044efe00000,0x00000044eff00000)]
  0x000002137f435800 JavaThread "Reference Handler" daemon [_thread_blocked, id=5784, stack(0x00000044f0500000,0x00000044f0600000)]
  0x000002137f438800 JavaThread "Finalizer" daemon [_thread_blocked, id=2324, stack(0x00000044f0600000,0x00000044f0700000)]
  0x000002137f455000 JavaThread "Signal Dispatcher" daemon [_thread_blocked, id=6292, stack(0x00000044f0700000,0x00000044f0800000)]
  0x000002137f456800 JavaThread "Attach Listener" daemon [_thread_blocked, id=1756, stack(0x00000044f0800000,0x00000044f0900000)]
  0x000002137f457800 JavaThread "C2 CompilerThread0" daemon [_thread_blocked, id=11816, stack(0x00000044f0900000,0x00000044f0a00000)]
  0x0000021311000800 JavaThread "C1 CompilerThread0" daemon [_thread_blocked, id=9392, stack(0x00000044f0a00000,0x00000044f0b00000)]
  0x0000021311009800 JavaThread "Sweeper thread" daemon [_thread_blocked, id=2812, stack(0x00000044f0b00000,0x00000044f0c00000)]
  0x00000213110c5800 JavaThread "Common-Cleaner" daemon [_thread_blocked, id=10588, stack(0x00000044f0c00000,0x00000044f0d00000)]

Other Threads:
  0x000002137f433800 VMThread "VM Thread" [stack: 0x00000044f0400000,0x00000044f0500000] [id=9184]
  0x00000213762c3800 GCTaskThread "GC Thread#0" [stack: 0x00000044eff00000,0x00000044f0000000] [id=5336]
  0x00000213762f3800 ConcurrentGCThread "G1 Main Marker" [stack: 0x00000044f0000000,0x00000044f0100000] [id=1068]
  0x00000213762f6000 ConcurrentGCThread "G1 Conc#0" [stack: 0x00000044f0100000,0x00000044f0200000] [id=1312]
  0x0000021376378800 ConcurrentGCThread "G1 Refine#0" [stack: 0x00000044f0200000,0x00000044f0300000] [id=6940]
  0x000002137f2d0800 ConcurrentGCThread "G1 Young RemSet Sampling" [stack: 0x00000044f0300000,0x00000044f0400000] [id=11188]

Threads with active compile tasks:

VM state:not at safepoint (normal execution)

VM Mutex/Monitor currently owned by a thread: None

Heap address: 0x0000000080000000, size: 2048 MB, Compressed Oops mode: 32-bit
Narrow klass base: 0x0000000800000000, Narrow klass shift: 3
Compressed class space size: 1073741824 Address: 0x0000000840000000

Heap:
 garbage-first heap   total 131072K, used 1024K [0x0000000080000000, 0x0000000100000000)
  region size 1024K, 2 young (2048K), 0 survivors (0K)
 Metaspace       used 349K, capacity 4519K, committed 4864K, reserved 1056768K
  class space    used 29K, capacity 398K, committed 512K, reserved 1048576K
Heap Regions: E=young(eden), S=young(survivor), O=old, HS=humongous(starts), HC=humongous(continues), CS=collection set, F=free, A=archive, TAMS=top-at-mark-start (previous, next)
|   0|0x0000000080000000, 0x0000000080000000, 0x0000000080100000|  0%| F|  |TAMS 0x0000000080000000, 0x0000000080000000| Untracked 
|   1|0x0000000080100000, 0x0000000080100000, 0x0000000080200000|  0%| F|  |TAMS 0x0000000080100000, 0x0000000080100000| Untracked 
|   2|0x0000000080200000, 0x0000000080200000, 0x0000000080300000|  0%| F|  |TAMS 0x0000000080200000, 0x0000000080200000| Untracked 
|   3|0x0000000080300000, 0x0000000080300000, 0x0000000080400000|  0%| F|  |TAMS 0x0000000080300000, 0x0000000080300000| Untracked 
|   4|0x0000000080400000, 0x0000000080400000, 0x0000000080500000|  0%| F|  |TAMS 0x0000000080400000, 0x0000000080400000| Untracked 
|   5|0x0000000080500000, 0x0000000080500000, 0x0000000080600000|  0%| F|  |TAMS 0x0000000080500000, 0x0000000080500000| Untracked 
|   6|0x0000000080600000, 0x0000000080600000, 0x0000000080700000|  0%| F|  |TAMS 0x0000000080600000, 0x0000000080600000| Untracked 
|   7|0x0000000080700000, 0x0000000080700000, 0x0000000080800000|  0%| F|  |TAMS 0x0000000080700000, 0x0000000080700000| Untracked 
|   8|0x0000000080800000, 0x0000000080800000, 0x0000000080900000|  0%| F|  |TAMS 0x0000000080800000, 0x0000000080800000| Untracked 
|   9|0x0000000080900000, 0x0000000080900000, 0x0000000080a00000|  0%| F|  |TAMS 0x0000000080900000, 0x0000000080900000| Untracked 
|  10|0x0000000080a00000, 0x0000000080a00000, 0x0000000080b00000|  0%| F|  |TAMS 0x0000000080a00000, 0x0000000080a00000| Untracked 
|  11|0x0000000080b00000, 0x0000000080b00000, 0x0000000080c00000|  0%| F|  |TAMS 0x0000000080b00000, 0x0000000080b00000| Untracked 
|  12|0x0000000080c00000, 0x0000000080c00000, 0x0000000080d00000|  0%| F|  |TAMS 0x0000000080c00000, 0x0000000080c00000| Untracked 
|  13|0x0000000080d00000, 0x0000000080d00000, 0x0000000080e00000|  0%| F|  |TAMS 0x0000000080d00000, 0x0000000080d00000| Untracked 
|  14|0x0000000080e00000, 0x0000000080e00000, 0x0000000080f00000|  0%| F|  |TAMS 0x0000000080e00000, 0x0000000080e00000| Untracked 
|  15|0x0000000080f00000, 0x0000000080f00000, 0x0000000081000000|  0%| F|  |TAMS 0x0000000080f00000, 0x0000000080f00000| Untracked 
|  16|0x0000000081000000, 0x0000000081000000, 0x0000000081100000|  0%| F|  |TAMS 0x0000000081000000, 0x0000000081000000| Untracked 
|  17|0x0000000081100000, 0x0000000081100000, 0x0000000081200000|  0%| F|  |TAMS 0x0000000081100000, 0x0000000081100000| Untracked 
|  18|0x0000000081200000, 0x0000000081200000, 0x0000000081300000|  0%| F|  |TAMS 0x0000000081200000, 0x0000000081200000| Untracked 
|  19|0x0000000081300000, 0x0000000081300000, 0x0000000081400000|  0%| F|  |TAMS 0x0000000081300000, 0x0000000081300000| Untracked 
|  20|0x0000000081400000, 0x0000000081400000, 0x0000000081500000|  0%| F|  |TAMS 0x0000000081400000, 0x0000000081400000| Untracked 
|  21|0x0000000081500000, 0x0000000081500000, 0x0000000081600000|  0%| F|  |TAMS 0x0000000081500000, 0x0000000081500000| Untracked 
|  22|0x0000000081600000, 0x0000000081600000, 0x0000000081700000|  0%| F|  |TAMS 0x0000000081600000, 0x0000000081600000| Untracked 
|  23|0x0000000081700000, 0x0000000081700000, 0x0000000081800000|  0%| F|  |TAMS 0x0000000081700000, 0x0000000081700000| Untracked 
|  24|0x0000000081800000, 0x0000000081800000, 0x0000000081900000|  0%| F|  |TAMS 0x0000000081800000, 0x0000000081800000| Untracked 
|  25|0x0000000081900000, 0x0000000081900000, 0x0000000081a00000|  0%| F|  |TAMS 0x0000000081900000, 0x0000000081900000| Untracked 
|  26|0x0000000081a00000, 0x0000000081a00000, 0x0000000081b00000|  0%| F|  |TAMS 0x0000000081a00000, 0x0000000081a00000| Untracked 
|  27|0x0000000081b00000, 0x0000000081b00000, 0x0000000081c00000|  0%| F|  |TAMS 0x0000000081b00000, 0x0000000081b00000| Untracked 
|  28|0x0000000081c00000, 0x0000000081c00000, 0x0000000081d00000|  0%| F|  |TAMS 0x0000000081c00000, 0x0000000081c00000| Untracked 
|  29|0x0000000081d00000, 0x0000000081d00000, 0x0000000081e00000|  0%| F|  |TAMS 0x0000000081d00000, 0x0000000081d00000| Untracked 
|  30|0x0000000081e00000, 0x0000000081e00000, 0x0000000081f00000|  0%| F|  |TAMS 0x0000000081e00000, 0x0000000081e00000| Untracked 
|  31|0x0000000081f00000, 0x0000000081f00000, 0x0000000082000000|  0%| F|  |TAMS 0x0000000081f00000, 0x0000000081f00000| Untracked 
|  32|0x0000000082000000, 0x0000000082000000, 0x0000000082100000|  0%| F|  |TAMS 0x0000000082000000, 0x0000000082000000| Untracked 
|  33|0x0000000082100000, 0x0000000082100000, 0x0000000082200000|  0%| F|  |TAMS 0x0000000082100000, 0x0000000082100000| Untracked 
|  34|0x0000000082200000, 0x0000000082200000, 0x0000000082300000|  0%| F|  |TAMS 0x0000000082200000, 0x0000000082200000| Untracked 
|  35|0x0000000082300000, 0x0000000082300000, 0x0000000082400000|  0%| F|  |TAMS 0x0000000082300000, 0x0000000082300000| Untracked 
|  36|0x0000000082400000, 0x0000000082400000, 0x0000000082500000|  0%| F|  |TAMS 0x0000000082400000, 0x0000000082400000| Untracked 
|  37|0x0000000082500000, 0x0000000082500000, 0x0000000082600000|  0%| F|  |TAMS 0x0000000082500000, 0x0000000082500000| Untracked 
|  38|0x0000000082600000, 0x0000000082600000, 0x0000000082700000|  0%| F|  |TAMS 0x0000000082600000, 0x0000000082600000| Untracked 
|  39|0x0000000082700000, 0x0000000082700000, 0x0000000082800000|  0%| F|  |TAMS 0x0000000082700000, 0x0000000082700000| Untracked 
|  40|0x0000000082800000, 0x0000000082800000, 0x0000000082900000|  0%| F|  |TAMS 0x0000000082800000, 0x0000000082800000| Untracked 
|  41|0x0000000082900000, 0x0000000082900000, 0x0000000082a00000|  0%| F|  |TAMS 0x0000000082900000, 0x0000000082900000| Untracked 
|  42|0x0000000082a00000, 0x0000000082a00000, 0x0000000082b00000|  0%| F|  |TAMS 0x0000000082a00000, 0x0000000082a00000| Untracked 
|  43|0x0000000082b00000, 0x0000000082b00000, 0x0000000082c00000|  0%| F|  |TAMS 0x0000000082b00000, 0x0000000082b00000| Untracked 
|  44|0x0000000082c00000, 0x0000000082c00000, 0x0000000082d00000|  0%| F|  |TAMS 0x0000000082c00000, 0x0000000082c00000| Untracked 
|  45|0x0000000082d00000, 0x0000000082d00000, 0x0000000082e00000|  0%| F|  |TAMS 0x0000000082d00000, 0x0000000082d00000| Untracked 
|  46|0x0000000082e00000, 0x0000000082e00000, 0x0000000082f00000|  0%| F|  |TAMS 0x0000000082e00000, 0x0000000082e00000| Untracked 
|  47|0x0000000082f00000, 0x0000000082f00000, 0x0000000083000000|  0%| F|  |TAMS 0x0000000082f00000, 0x0000000082f00000| Untracked 
|  48|0x0000000083000000, 0x0000000083000000, 0x0000000083100000|  0%| F|  |TAMS 0x0000000083000000, 0x0000000083000000| Untracked 
|  49|0x0000000083100000, 0x0000000083100000, 0x0000000083200000|  0%| F|  |TAMS 0x0000000083100000, 0x0000000083100000| Untracked 
|  50|0x0000000083200000, 0x0000000083200000, 0x0000000083300000|  0%| F|  |TAMS 0x0000000083200000, 0x0000000083200000| Untracked 
|  51|0x0000000083300000, 0x0000000083300000, 0x0000000083400000|  0%| F|  |TAMS 0x0000000083300000, 0x0000000083300000| Untracked 
|  52|0x0000000083400000, 0x0000000083400000, 0x0000000083500000|  0%| F|  |TAMS 0x0000000083400000, 0x0000000083400000| Untracked 
|  53|0x0000000083500000, 0x0000000083500000, 0x0000000083600000|  0%| F|  |TAMS 0x0000000083500000, 0x0000000083500000| Untracked 
|  54|0x0000000083600000, 0x0000000083600000, 0x0000000083700000|  0%| F|  |TAMS 0x0000000083600000, 0x0000000083600000| Untracked 
|  55|0x0000000083700000, 0x0000000083700000, 0x0000000083800000|  0%| F|  |TAMS 0x0000000083700000, 0x0000000083700000| Untracked 
|  56|0x0000000083800000, 0x0000000083800000, 0x0000000083900000|  0%| F|  |TAMS 0x0000000083800000, 0x0000000083800000| Untracked 
|  57|0x0000000083900000, 0x0000000083900000, 0x0000000083a00000|  0%| F|  |TAMS 0x0000000083900000, 0x0000000083900000| Untracked 
|  58|0x0000000083a00000, 0x0000000083a00000, 0x0000000083b00000|  0%| F|  |TAMS 0x0000000083a00000, 0x0000000083a00000| Untracked 
|  59|0x0000000083b00000, 0x0000000083b00000, 0x0000000083c00000|  0%| F|  |TAMS 0x0000000083b00000, 0x0000000083b00000| Untracked 
|  60|0x0000000083c00000, 0x0000000083c00000, 0x0000000083d00000|  0%| F|  |TAMS 0x0000000083c00000, 0x0000000083c00000| Untracked 
|  61|0x0000000083d00000, 0x0000000083d00000, 0x0000000083e00000|  0%| F|  |TAMS 0x0000000083d00000, 0x0000000083d00000| Untracked 
|  62|0x0000000083e00000, 0x0000000083e00000, 0x0000000083f00000|  0%| F|  |TAMS 0x0000000083e00000, 0x0000000083e00000| Untracked 
|  63|0x0000000083f00000, 0x0000000083f00000, 0x0000000084000000|  0%| F|  |TAMS 0x0000000083f00000, 0x0000000083f00000| Untracked 
|  64|0x0000000084000000, 0x0000000084000000, 0x0000000084100000|  0%| F|  |TAMS 0x0000000084000000, 0x0000000084000000| Untracked 
|  65|0x0000000084100000, 0x0000000084100000, 0x0000000084200000|  0%| F|  |TAMS 0x0000000084100000, 0x0000000084100000| Untracked 
|  66|0x0000000084200000, 0x0000000084200000, 0x0000000084300000|  0%| F|  |TAMS 0x0000000084200000, 0x0000000084200000| Untracked 
|  67|0x0000000084300000, 0x0000000084300000, 0x0000000084400000|  0%| F|  |TAMS 0x0000000084300000, 0x0000000084300000| Untracked 
|  68|0x0000000084400000, 0x0000000084400000, 0x0000000084500000|  0%| F|  |TAMS 0x0000000084400000, 0x0000000084400000| Untracked 
|  69|0x0000000084500000, 0x0000000084500000, 0x0000000084600000|  0%| F|  |TAMS 0x0000000084500000, 0x0000000084500000| Untracked 
|  70|0x0000000084600000, 0x0000000084600000, 0x0000000084700000|  0%| F|  |TAMS 0x0000000084600000, 0x0000000084600000| Untracked 
|  71|0x0000000084700000, 0x0000000084700000, 0x0000000084800000|  0%| F|  |TAMS 0x0000000084700000, 0x0000000084700000| Untracked 
|  72|0x0000000084800000, 0x0000000084800000, 0x0000000084900000|  0%| F|  |TAMS 0x0000000084800000, 0x0000000084800000| Untracked 
|  73|0x0000000084900000, 0x0000000084900000, 0x0000000084a00000|  0%| F|  |TAMS 0x0000000084900000, 0x0000000084900000| Untracked 
|  74|0x0000000084a00000, 0x0000000084a00000, 0x0000000084b00000|  0%| F|  |TAMS 0x0000000084a00000, 0x0000000084a00000| Untracked 
|  75|0x0000000084b00000, 0x0000000084b00000, 0x0000000084c00000|  0%| F|  |TAMS 0x0000000084b00000, 0x0000000084b00000| Untracked 
|  76|0x0000000084c00000, 0x0000000084c00000, 0x0000000084d00000|  0%| F|  |TAMS 0x0000000084c00000, 0x0000000084c00000| Untracked 
|  77|0x0000000084d00000, 0x0000000084d00000, 0x0000000084e00000|  0%| F|  |TAMS 0x0000000084d00000, 0x0000000084d00000| Untracked 
|  78|0x0000000084e00000, 0x0000000084e00000, 0x0000000084f00000|  0%| F|  |TAMS 0x0000000084e00000, 0x0000000084e00000| Untracked 
|  79|0x0000000084f00000, 0x0000000084f00000, 0x0000000085000000|  0%| F|  |TAMS 0x0000000084f00000, 0x0000000084f00000| Untracked 
|  80|0x0000000085000000, 0x0000000085000000, 0x0000000085100000|  0%| F|  |TAMS 0x0000000085000000, 0x0000000085000000| Untracked 
|  81|0x0000000085100000, 0x0000000085100000, 0x0000000085200000|  0%| F|  |TAMS 0x0000000085100000, 0x0000000085100000| Untracked 
|  82|0x0000000085200000, 0x0000000085200000, 0x0000000085300000|  0%| F|  |TAMS 0x0000000085200000, 0x0000000085200000| Untracked 
|  83|0x0000000085300000, 0x0000000085300000, 0x0000000085400000|  0%| F|  |TAMS 0x0000000085300000, 0x0000000085300000| Untracked 
|  84|0x0000000085400000, 0x0000000085400000, 0x0000000085500000|  0%| F|  |TAMS 0x0000000085400000, 0x0000000085400000| Untracked 
|  85|0x0000000085500000, 0x0000000085500000, 0x0000000085600000|  0%| F|  |TAMS 0x0000000085500000, 0x0000000085500000| Untracked 
|  86|0x0000000085600000, 0x0000000085600000, 0x0000000085700000|  0%| F|  |TAMS 0x0000000085600000, 0x0000000085600000| Untracked 
|  87|0x0000000085700000, 0x0000000085700000, 0x0000000085800000|  0%| F|  |TAMS 0x0000000085700000, 0x0000000085700000| Untracked 
|  88|0x0000000085800000, 0x0000000085800000, 0x0000000085900000|  0%| F|  |TAMS 0x0000000085800000, 0x0000000085800000| Untracked 
|  89|0x0000000085900000, 0x0000000085900000, 0x0000000085a00000|  0%| F|  |TAMS 0x0000000085900000, 0x0000000085900000| Untracked 
|  90|0x0000000085a00000, 0x0000000085a00000, 0x0000000085b00000|  0%| F|  |TAMS 0x0000000085a00000, 0x0000000085a00000| Untracked 
|  91|0x0000000085b00000, 0x0000000085b00000, 0x0000000085c00000|  0%| F|  |TAMS 0x0000000085b00000, 0x0000000085b00000| Untracked 
|  92|0x0000000085c00000, 0x0000000085c00000, 0x0000000085d00000|  0%| F|  |TAMS 0x0000000085c00000, 0x0000000085c00000| Untracked 
|  93|0x0000000085d00000, 0x0000000085d00000, 0x0000000085e00000|  0%| F|  |TAMS 0x0000000085d00000, 0x0000000085d00000| Untracked 
|  94|0x0000000085e00000, 0x0000000085e00000, 0x0000000085f00000|  0%| F|  |TAMS 0x0000000085e00000, 0x0000000085e00000| Untracked 
|  95|0x0000000085f00000, 0x0000000085f00000, 0x0000000086000000|  0%| F|  |TAMS 0x0000000085f00000, 0x0000000085f00000| Untracked 
|  96|0x0000000086000000, 0x0000000086000000, 0x0000000086100000|  0%| F|  |TAMS 0x0000000086000000, 0x0000000086000000| Untracked 
|  97|0x0000000086100000, 0x0000000086100000, 0x0000000086200000|  0%| F|  |TAMS 0x0000000086100000, 0x0000000086100000| Untracked 
|  98|0x0000000086200000, 0x0000000086200000, 0x0000000086300000|  0%| F|  |TAMS 0x0000000086200000, 0x0000000086200000| Untracked 
|  99|0x0000000086300000, 0x0000000086300000, 0x0000000086400000|  0%| F|  |TAMS 0x0000000086300000, 0x0000000086300000| Untracked 
| 100|0x0000000086400000, 0x0000000086400000, 0x0000000086500000|  0%| F|  |TAMS 0x0000000086400000, 0x0000000086400000| Untracked 
| 101|0x0000000086500000, 0x0000000086500000, 0x0000000086600000|  0%| F|  |TAMS 0x0000000086500000, 0x0000000086500000| Untracked 
| 102|0x0000000086600000, 0x0000000086600000, 0x0000000086700000|  0%| F|  |TAMS 0x0000000086600000, 0x0000000086600000| Untracked 
| 103|0x0000000086700000, 0x0000000086700000, 0x0000000086800000|  0%| F|  |TAMS 0x0000000086700000, 0x0000000086700000| Untracked 
| 104|0x0000000086800000, 0x0000000086800000, 0x0000000086900000|  0%| F|  |TAMS 0x0000000086800000, 0x0000000086800000| Untracked 
| 105|0x0000000086900000, 0x0000000086900000, 0x0000000086a00000|  0%| F|  |TAMS 0x0000000086900000, 0x0000000086900000| Untracked 
| 106|0x0000000086a00000, 0x0000000086a00000, 0x0000000086b00000|  0%| F|  |TAMS 0x0000000086a00000, 0x0000000086a00000| Untracked 
| 107|0x0000000086b00000, 0x0000000086b00000, 0x0000000086c00000|  0%| F|  |TAMS 0x0000000086b00000, 0x0000000086b00000| Untracked 
| 108|0x0000000086c00000, 0x0000000086c00000, 0x0000000086d00000|  0%| F|  |TAMS 0x0000000086c00000, 0x0000000086c00000| Untracked 
| 109|0x0000000086d00000, 0x0000000086d00000, 0x0000000086e00000|  0%| F|  |TAMS 0x0000000086d00000, 0x0000000086d00000| Untracked 
| 110|0x0000000086e00000, 0x0000000086e00000, 0x0000000086f00000|  0%| F|  |TAMS 0x0000000086e00000, 0x0000000086e00000| Untracked 
| 111|0x0000000086f00000, 0x0000000086f00000, 0x0000000087000000|  0%| F|  |TAMS 0x0000000086f00000, 0x0000000086f00000| Untracked 
| 112|0x0000000087000000, 0x0000000087000000, 0x0000000087100000|  0%| F|  |TAMS 0x0000000087000000, 0x0000000087000000| Untracked 
| 113|0x0000000087100000, 0x0000000087100000, 0x0000000087200000|  0%| F|  |TAMS 0x0000000087100000, 0x0000000087100000| Untracked 
| 114|0x0000000087200000, 0x0000000087200000, 0x0000000087300000|  0%| F|  |TAMS 0x0000000087200000, 0x0000000087200000| Untracked 
| 115|0x0000000087300000, 0x0000000087300000, 0x0000000087400000|  0%| F|  |TAMS 0x0000000087300000, 0x0000000087300000| Untracked 
| 116|0x0000000087400000, 0x0000000087400000, 0x0000000087500000|  0%| F|  |TAMS 0x0000000087400000, 0x0000000087400000| Untracked 
| 117|0x0000000087500000, 0x0000000087500000, 0x0000000087600000|  0%| F|  |TAMS 0x0000000087500000, 0x0000000087500000| Untracked 
| 118|0x0000000087600000, 0x0000000087600000, 0x0000000087700000|  0%| F|  |TAMS 0x0000000087600000, 0x0000000087600000| Untracked 
| 119|0x0000000087700000, 0x0000000087700000, 0x0000000087800000|  0%| F|  |TAMS 0x0000000087700000, 0x0000000087700000| Untracked 
| 120|0x0000000087800000, 0x0000000087800000, 0x0000000087900000|  0%| F|  |TAMS 0x0000000087800000, 0x0000000087800000| Untracked 
| 121|0x0000000087900000, 0x0000000087900000, 0x0000000087a00000|  0%| F|  |TAMS 0x0000000087900000, 0x0000000087900000| Untracked 
| 122|0x0000000087a00000, 0x0000000087a00000, 0x0000000087b00000|  0%| F|  |TAMS 0x0000000087a00000, 0x0000000087a00000| Untracked 
| 123|0x0000000087b00000, 0x0000000087b00000, 0x0000000087c00000|  0%| F|  |TAMS 0x0000000087b00000, 0x0000000087b00000| Untracked 
| 124|0x0000000087c00000, 0x0000000087c00000, 0x0000000087d00000|  0%| F|  |TAMS 0x0000000087c00000, 0x0000000087c00000| Untracked 
| 125|0x0000000087d00000, 0x0000000087d00000, 0x0000000087e00000|  0%| F|  |TAMS 0x0000000087d00000, 0x0000000087d00000| Untracked 
| 126|0x0000000087e00000, 0x0000000087e8fdf8, 0x0000000087f00000| 56%| E|  |TAMS 0x0000000087e00000, 0x0000000087e00000| Complete 
| 127|0x0000000087f00000, 0x0000000088000000, 0x0000000088000000|100%| E|CS|TAMS 0x0000000087f00000, 0x0000000087f00000| Complete 

Card table byte_map: [0x000002137a780000,0x000002137ab80000] _byte_map_base: 0x000002137a380000

Marking Bits (Prev, Next): (CMBitMap*) 0x00000213762ead08, (CMBitMap*) 0x00000213762ead40
 Prev Bits: [0x000002137af80000, 0x000002137cf80000)
 Next Bits: [0x000002137cf80000, 0x000002137ef80000)

Polling page: 0x00000213740c0000

Metaspace:

Usage:
  Non-class:      4.02 MB capacity,   320.21 KB (  8%) used,     3.71 MB ( 92%) free+waste,     1.63 KB ( <1%) overhead. 
      Class:    398.00 KB capacity,    29.52 KB (  7%) used,   367.55 KB ( 92%) free+waste,   960 bytes ( <1%) overhead. 
       Both:      4.41 MB capacity,   349.73 KB (  8%) used,     4.07 MB ( 92%) free+waste,     2.56 KB ( <1%) overhead. 

Virtual space:
  Non-class space:        8.00 MB reserved,       4.25 MB ( 53%) committed 
      Class space:        1.00 GB reserved,     512.00 KB ( <1%) committed 
             Both:        1.01 GB reserved,       4.75 MB ( <1%) committed 

Chunk freelists:
   Non-Class:  0 bytes
       Class:  0 bytes
        Both:  0 bytes

MaxMetaspaceSize: 17179869184.00 GB
CompressedClassSpaceSize: 1.00 GB

CodeHeap 'non-profiled nmethods': size=120064Kb used=36Kb max_used=36Kb free=120027Kb
 bounds [0x0000021307ac0000, 0x0000021307d30000, 0x000002130f000000]
CodeHeap 'profiled nmethods': size=120000Kb used=177Kb max_used=177Kb free=119822Kb
 bounds [0x0000021300590000, 0x0000021300800000, 0x0000021307ac0000]
CodeHeap 'non-nmethods': size=5696Kb used=1100Kb max_used=1112Kb free=4595Kb
 bounds [0x0000021300000000, 0x0000021300270000, 0x0000021300590000]
 total_blobs=727 nmethods=135 adapters=201
 compilation: enabled
              stopped_count=0, restarted_count=0
 full_count=0

Compilation events (20 events):
Event: 0.295 Thread 0x0000021311000800  125       3       java.util.HashMap::resize (356 bytes)
Event: 0.297 Thread 0x0000021311000800 nmethod 125 0x00000213005b8c90 code [0x00000213005b8f60, 0x00000213005ba590]
Event: 0.297 Thread 0x0000021311000800  126       3       java.util.ImmutableCollections$Set12$1::next (92 bytes)
Event: 0.297 Thread 0x0000021311000800 nmethod 126 0x00000213005bab10 code [0x00000213005bad00, 0x00000213005bb030]
Event: 0.297 Thread 0x0000021311000800  128       3       java.util.AbstractMap::<init> (5 bytes)
Event: 0.297 Thread 0x0000021311000800 nmethod 128 0x00000213005bb190 code [0x00000213005bb340, 0x00000213005bb518]
Event: 0.297 Thread 0x0000021311000800  130       1       java.lang.module.ModuleDescriptor::exports (5 bytes)
Event: 0.297 Thread 0x0000021311000800 nmethod 130 0x0000021307ac7a10 code [0x0000021307ac7bc0, 0x0000021307ac7cf8]
Event: 0.298 Thread 0x0000021311000800  131       1       java.lang.module.ModuleDescriptor::provides (5 bytes)
Event: 0.298 Thread 0x0000021311000800 nmethod 131 0x0000021307ac7d90 code [0x0000021307ac7f40, 0x0000021307ac8078]
Event: 0.298 Thread 0x0000021311000800  132       1       java.lang.module.ResolvedModule::reference (5 bytes)
Event: 0.298 Thread 0x0000021311000800 nmethod 132 0x0000021307ac8110 code [0x0000021307ac82c0, 0x0000021307ac83f8]
Event: 0.298 Thread 0x0000021311000800  133       3       java.util.ImmutableCollections$SetN::iterator (9 bytes)
Event: 0.298 Thread 0x0000021311000800 nmethod 133 0x00000213005bb610 code [0x00000213005bb7e0, 0x00000213005bba10]
Event: 0.298 Thread 0x0000021311000800  134       3       java.util.ImmutableCollections$SetN$SetNIterator::<init> (40 bytes)
Event: 0.299 Thread 0x0000021311000800 nmethod 134 0x00000213005bbb10 code [0x00000213005bbce0, 0x00000213005bc0f8]
Event: 0.299 Thread 0x0000021311000800  135       3       java.util.HashMap::<init> (11 bytes)
Event: 0.299 Thread 0x0000021311000800 nmethod 135 0x00000213005bc290 code [0x00000213005bc440, 0x00000213005bc678]
Event: 0.299 Thread 0x000002137f457800 nmethod 121 0x0000021307ac8490 code [0x0000021307ac8620, 0x0000021307ac8838]
Event: 0.299 Thread 0x000002137f457800  129       4       java.util.ImmutableCollections$SetN$SetNIterator::hasNext (13 bytes)

GC Heap History (0 events):
No events

Deoptimization events (0 events):
No events

Classes redefined (0 events):
No events

Internal exceptions (0 events):
No events

Events (20 events):
Event: 0.153 loading class jdk/internal/module/DefaultRoots done
Event: 0.153 loading class java/util/Spliterators$IteratorSpliterator
Event: 0.153 loading class java/util/Spliterators$IteratorSpliterator done
Event: 0.160 loading class java/lang/Module$ReflectionData
Event: 0.161 loading class java/lang/Module$ReflectionData done
Event: 0.161 loading class java/lang/WeakPairMap
Event: 0.161 loading class java/lang/WeakPairMap done
Event: 0.161 loading class java/lang/WeakPairMap$Pair
Event: 0.161 loading class java/lang/WeakPairMap$Pair done
Event: 0.161 loading class java/lang/WeakPairMap$Pair$Lookup
Event: 0.161 loading class java/lang/WeakPairMap$Pair$Lookup done
Event: 0.191 Thread 0x00000213110c5800 Thread added: 0x00000213110c5800
Event: 0.264 loading class java/lang/invoke/DirectMethodHandle$Interface
Event: 0.264 loading class java/lang/invoke/DirectMethodHandle$Interface done
Event: 0.276 loading class java/lang/module/Resolver
Event: 0.276 loading class java/lang/module/Resolver done
Event: 0.277 loading class java/lang/module/ModuleFinder$1
Event: 0.277 loading class java/lang/module/ModuleFinder$1 done
Event: 0.279 loading class java/util/LinkedHashSet
Event: 0.279 loading class java/util/LinkedHashSet done


Dynamic libraries:
0x00007ff605d30000 - 0x00007ff605d3a000 	C:\Program Files\JetBrains\IntelliJ IDEA 2019.3.4\jbr\bin\java.exe
0x00007ffd63d80000 - 0x00007ffd63f70000 	C:\WINDOWS\SYSTEM32\ntdll.dll
0x00007ffd62910000 - 0x00007ffd629c2000 	C:\WINDOWS\System32\KERNEL32.DLL
0x00007ffd61b80000 - 0x00007ffd61e24000 	C:\WINDOWS\System32\KERNELBASE.dll
0x00007ffd60fb0000 - 0x00007ffd610aa000 	C:\WINDOWS\System32\ucrtbase.dll
0x00007ffd545c0000 - 0x00007ffd545d9000 	C:\Program Files\JetBrains\IntelliJ IDEA 2019.3.4\jbr\bin\jli.dll
0x00007ffd62260000 - 0x00007ffd623f5000 	C:\WINDOWS\System32\USER32.dll
0x00007ffd610d0000 - 0x00007ffd610f1000 	C:\WINDOWS\System32\win32u.dll
0x00007ffd62c10000 - 0x00007ffd62c36000 	C:\WINDOWS\System32\GDI32.dll
0x00007ffd619e0000 - 0x00007ffd61b76000 	C:\WINDOWS\System32\gdi32full.dll
0x00007ffd618f0000 - 0x00007ffd6198e000 	C:\WINDOWS\System32\msvcp_win.dll
0x00007ffd54430000 - 0x00007ffd54447000 	C:\Program Files\JetBrains\IntelliJ IDEA 2019.3.4\jbr\bin\VCRUNTIME140.dll
0x00007ffd4ab90000 - 0x00007ffd4ae14000 	C:\WINDOWS\WinSxS\amd64_microsoft.windows.common-controls_6595b64144ccf1df_6.0.18362.1016_none_9e7a36bbe461dae4\COMCTL32.dll
0x00007ffd62080000 - 0x00007ffd6211e000 	C:\WINDOWS\System32\msvcrt.dll
0x00007ffd62550000 - 0x00007ffd62885000 	C:\WINDOWS\System32\combase.dll
0x00007ffd63730000 - 0x00007ffd63850000 	C:\WINDOWS\System32\RPCRT4.dll
0x00007ffd60e80000 - 0x00007ffd60f00000 	C:\WINDOWS\System32\bcryptPrimitives.dll
0x00007ffd61e30000 - 0x00007ffd61e5e000 	C:\WINDOWS\System32\IMM32.DLL
0x00007ffd3a170000 - 0x00007ffd3a20d000 	C:\Program Files\JetBrains\IntelliJ IDEA 2019.3.4\jbr\bin\msvcp140.dll
0x00007ffd25520000 - 0x00007ffd25fdd000 	C:\Program Files\JetBrains\IntelliJ IDEA 2019.3.4\jbr\bin\server\jvm.dll
0x00007ffd62cb0000 - 0x00007ffd62d53000 	C:\WINDOWS\System32\ADVAPI32.dll
0x00007ffd62400000 - 0x00007ffd62497000 	C:\WINDOWS\System32\sechost.dll
0x00007ffd62d60000 - 0x00007ffd62d68000 	C:\WINDOWS\System32\PSAPI.DLL
0x00007ffd57410000 - 0x00007ffd57419000 	C:\WINDOWS\SYSTEM32\WSOCK32.dll
0x00007ffd62c40000 - 0x00007ffd62caf000 	C:\WINDOWS\System32\WS2_32.dll
0x00007ffd5e820000 - 0x00007ffd5e844000 	C:\WINDOWS\SYSTEM32\WINMM.dll
0x00007ffd5f730000 - 0x00007ffd5f73a000 	C:\WINDOWS\SYSTEM32\VERSION.dll
0x00007ffd5e700000 - 0x00007ffd5e72d000 	C:\WINDOWS\SYSTEM32\WINMMBASE.dll
0x00007ffd61990000 - 0x00007ffd619da000 	C:\WINDOWS\System32\cfgmgr32.dll
0x00007ffd60c40000 - 0x00007ffd60c51000 	C:\WINDOWS\System32\kernel.appcore.dll
0x00007ffd574e0000 - 0x00007ffd574f1000 	C:\Program Files\JetBrains\IntelliJ IDEA 2019.3.4\jbr\bin\verify.dll
0x00007ffd58f20000 - 0x00007ffd59114000 	C:\WINDOWS\SYSTEM32\DBGHELP.DLL
0x00007ffd58ec0000 - 0x00007ffd58eea000 	C:\WINDOWS\SYSTEM32\dbgcore.DLL
0x00007ffd57380000 - 0x00007ffd573a9000 	C:\Program Files\JetBrains\IntelliJ IDEA 2019.3.4\jbr\bin\java.dll
0x00007ffd53aa0000 - 0x00007ffd53ad8000 	C:\Program Files\JetBrains\IntelliJ IDEA 2019.3.4\jbr\bin\jdwp.dll
0x00007ffd58370000 - 0x00007ffd5837f000 	C:\Program Files\JetBrains\IntelliJ IDEA 2019.3.4\jbr\bin\instrument.dll
0x00007ffd57360000 - 0x00007ffd57378000 	C:\Program Files\JetBrains\IntelliJ IDEA 2019.3.4\jbr\bin\zip.dll
0x00007ffd5f3f0000 - 0x00007ffd5f3fb000 	C:\Program Files\JetBrains\IntelliJ IDEA 2019.3.4\jbr\bin\jimage.dll
0x00007ffd62dd0000 - 0x00007ffd634b7000 	C:\WINDOWS\System32\SHELL32.dll
0x00007ffd624a0000 - 0x00007ffd62549000 	C:\WINDOWS\System32\shcore.dll
0x00007ffd61160000 - 0x00007ffd618e2000 	C:\WINDOWS\System32\windows.storage.dll
0x00007ffd60c60000 - 0x00007ffd60c83000 	C:\WINDOWS\System32\profapi.dll
0x00007ffd60cb0000 - 0x00007ffd60cfa000 	C:\WINDOWS\System32\powrprof.dll
0x00007ffd60c30000 - 0x00007ffd60c40000 	C:\WINDOWS\System32\UMPDC.dll
0x00007ffd62b50000 - 0x00007ffd62ba2000 	C:\WINDOWS\System32\shlwapi.dll
0x00007ffd610b0000 - 0x00007ffd610c7000 	C:\WINDOWS\System32\cryptsp.dll

dbghelp: loaded successfully - version: 4.0.5 - missing functions: none
symbol engine: initialized successfully - sym options: 0x614 - pdb path: .;C:\Program Files\JetBrains\IntelliJ IDEA 2019.3.4\jbr\bin;C:\WINDOWS\SYSTEM32;C:\WINDOWS\WinSxS\amd64_microsoft.windows.common-controls_6595b64144ccf1df_6.0.18362.1016_none_9e7a36bbe461dae4;C:\Program Files\JetBrains\IntelliJ IDEA 2019.3.4\jbr\bin\server

VM Arguments:
jvm_args: -agentlib:jdwp=transport=dt_socket,address=127.0.0.1:53130,suspend=y,server=n -javaagent:C:\Users\Tomek\.IntelliJIdea2019.3\system\captureAgent\debugger-agent.jar -Dfile.encoding=UTF-8 
java_command: Main
java_class_path (initial): C:\Users\Tomek\IdeaProjects\creditapp\out\production\creditapp;C:\Program Files\JetBrains\IntelliJ IDEA 2019.3.4\lib\idea_rt.jar
Launcher Type: SUN_STANDARD

[Global flags]
     intx CICompilerCount                          = 3                                         {product} {ergonomic}
     uint ConcGCThreads                            = 1                                         {product} {ergonomic}
     uint G1ConcRefinementThreads                  = 4                                         {product} {ergonomic}
   size_t G1HeapRegionSize                         = 1048576                                   {product} {ergonomic}
    uintx GCDrainStackTargetSize                   = 64                                        {product} {ergonomic}
   size_t InitialHeapSize                          = 134217728                                 {product} {ergonomic}
   size_t MarkStackSize                            = 4194304                                   {product} {ergonomic}
   size_t MaxHeapSize                              = 2147483648                                {product} {ergonomic}
   size_t MaxNewSize                               = 1287651328                                {product} {ergonomic}
   size_t MinHeapDeltaBytes                        = 1048576                                   {product} {ergonomic}
    uintx NonNMethodCodeHeapSize                   = 5830732                                {pd product} {ergonomic}
    uintx NonProfiledCodeHeapSize                  = 122913754                              {pd product} {ergonomic}
    uintx ProfiledCodeHeapSize                     = 122913754                              {pd product} {ergonomic}
    uintx ReservedCodeCacheSize                    = 251658240                              {pd product} {ergonomic}
     bool SegmentedCodeCache                       = true                                      {product} {ergonomic}
     bool UseCompressedClassPointers               = true                                 {lp64_product} {ergonomic}
     bool UseCompressedOops                        = true                                 {lp64_product} {ergonomic}
     bool UseG1GC                                  = true                                      {product} {ergonomic}
     bool UseLargePagesIndividualAllocation        = false                                  {pd product} {ergonomic}

Logging:
Log output configuration:
 #0: stdout all=warning uptime,level,tags
 #1: stderr all=off uptime,level,tags

Environment Variables:
JAVA_HOME=C:\Program Files\Java\jdk-13.0.2
PATH=C:\WINDOWS\system32;C:\WINDOWS;C:\WINDOWS\System32\Wbem;C:\WINDOWS\System32\WindowsPowerShell\v1.0\;C:\Program Files\Java\jdk-13.0.2\bin;C:\WINDOWS\System32\OpenSSH\;C:\Program Files\Git\cmd;C:\Program Files\MySQL\MySQL Shell 8.0\bin\;C:\Users\Tomek\AppData\Local\Microsoft\WindowsApps;
USERNAME=Tomek
OS=Windows_NT
PROCESSOR_IDENTIFIER=Intel64 Family 6 Model 23 Stepping 10, GenuineIntel



---------------  S Y S T E M  ---------------

OS: Windows 10 , 64 bit Build 18362 (10.0.18362.959)

CPU:total 4 (initial active 4) (4 cores per cpu, 1 threads per core) family 6 model 23 stepping 10, cmov, cx8, fxsr, mmx, sse, sse2, sse3, ssse3, sse4.1, tsc

Memory: 4k page, system-wide physical 8190M (3439M free)
TotalPageFile size 9470M (AvailPageFile size 1830M)
current process WorkingSet (physical memory assigned to process): 31M, peak: 31M
current process commit charge ("private bytes"): 210M, peak: 210M

vm_info: OpenJDK 64-Bit Server VM (11.0.6+8-b520.43) for windows-amd64 JRE (11.0.6+8-b520.43), built on Feb  3 2020 14:18:56 by "" with MS VC++ 14.0 (VS2015)

END.
